<?xml version="1.0" encoding="ASCII" standalone="no"?>
<hkpackfile classversion="11" contentsversion="hk_2014.1.0-r1">
    <hksection name="__data__">
        <hkobject class="hkBaseObject" name="#testBase" signature="0xe0708a00">
        </hkobject>
    </hksection>
</hkpackfile>
