<?xml version="1.0" encoding="ASCII" standalone="no"?>
<hkpackfile classversion="11" contentsversion="hk-2014.1.0-r1">
    <hksection name="__data__">
        <hkobject class="hkBaseObject" name="#test" signature="0xe0708a00"/>
    </hksection>
</hkpackfile>
